[23442:23442:0322/095630.626037:ERROR:gl_surface_glx.cc(429)] GLX 1.3 or later is required.
[23442:23442:0322/095630.626099:ERROR:gl_initializer_x11.cc(147)] GLSurfaceGLX::InitializeOneOff failed.
[23442:23442:0322/095630.633831:ERROR:viz_main_impl.cc(169)] Exiting GPU process due to errors during initialization
[23406:23406:0322/095630.746372:WARNING:password_store_factory.cc(261)] Using basic (unencrypted) store for password storage. See https://chromium.googlesource.com/chromium/src/+/master/docs/linux_password_storage.md for more information about password storage options.
[23406:23406:0322/095631.433090:WARNING:CONSOLE(32)] "The AudioContext was not allowed to start. It must be resumed (or created) after a user gesture on the page. https://goo.gl/7K7WLu", source: https://www.gstatic.com/external_hosted/tone/tone.js (32)
[23406:23406:0322/095631.436913:INFO:CONSOLE(32)] "%c * Tone.js v13.3.11 * ", source: https://www.gstatic.com/external_hosted/tone/tone.js (32)
[23406:23406:0322/095631.464694:WARNING:CONSOLE(32)] "The AudioContext was not allowed to start. It must be resumed (or created) after a user gesture on the page. https://goo.gl/7K7WLu", source: https://www.gstatic.com/external_hosted/tone/tone.js (32)
[23475:23475:0322/095631.688873:ERROR:gles2_cmd_decoder.cc(3522)] ContextResult::kFatalFailure: fail_if_major_perf_caveat + swiftshader
[23475:23475:0322/095631.695025:ERROR:gles2_cmd_decoder.cc(3522)] ContextResult::kFatalFailure: fail_if_major_perf_caveat + swiftshader
[23475:23475:0322/095631.699122:ERROR:gles2_cmd_decoder.cc(3522)] ContextResult::kFatalFailure: fail_if_major_perf_caveat + swiftshader
[23406:23406:0322/095631.700137:WARNING:CONSOLE(567)] "Registration of backend webgl failed", source: https://www.google.com/logos/doodles/2018/bach/r2/bach18.1.js (567)
[23406:23406:0322/095631.700855:WARNING:CONSOLE(567)] "Error: Mc
    at new nC (https://www.google.com/logos/doodles/2018/bach/r2/bach18.1.js:1095:1684)
    at https://www.google.com/logos/doodles/2018/bach/r2/bach18.1.js:1184:63
    at bt (https://www.google.com/logos/doodles/2018/bach/r2/bach18.1.js:567:201)
    at https://www.google.com/logos/doodles/2018/bach/r2/bach18.1.js:1184:34", source: https://www.google.com/logos/doodles/2018/bach/r2/bach18.1.js (567)
[23406:23406:0322/095631.702040:WARNING:CONSOLE(1209)] "TensorFlow.js deprecation warnings have been disabled.", source: https://www.google.com/logos/doodles/2018/bach/r2/bach18.1.js (1209)
[23406:23406:0322/095631.715626:WARNING:CONSOLE(200)] "The AudioContext was not allowed to start. It must be resumed (or created) after a user gesture on the page. https://goo.gl/7K7WLu", source: https://www.google.com/logos/doodles/2018/bach/r2/bach18.1.js (200)
[23406:23406:0322/095631.716760:WARNING:CONSOLE(199)] "The AudioContext was not allowed to start. It must be resumed (or created) after a user gesture on the page. https://goo.gl/7K7WLu", source: https://www.google.com/logos/doodles/2018/bach/r2/bach18.1.js (199)
[23406:23406:0322/095631.717380:WARNING:CONSOLE(200)] "The AudioContext was not allowed to start. It must be resumed (or created) after a user gesture on the page. https://goo.gl/7K7WLu", source: https://www.google.com/logos/doodles/2018/bach/r2/bach18.1.js (200)
[23406:23406:0322/095631.780531:ERROR:gtk_key_bindings_handler.cc(135)] Not implemented reached in void libgtkui::GtkKeyBindingsHandler::BuildGdkEventKeyFromXEvent(const ui::PlatformEvent &, GdkEventKey *)
[23406:23406:0322/095633.198580:INFO:CONSOLE(78068)] "Angular is running in the development mode. Call enableProdMode() to enable the production mode.", source: http://localhost:4200/vendor.js (78068)
[23406:23406:0322/095633.272967:INFO:CONSOLE(0)] "[DOM] Input elements should have autocomplete attributes (suggested: "current-password"): (More info: https://goo.gl/9p2vKq) %o", source: http://localhost:4200/login (0)
[23406:23406:0322/095635.056386:WARNING:pref_notifier_impl.cc(23)] Pref observer found at shutdown.
[23406:23406:0322/095635.056421:WARNING:pref_notifier_impl.cc(23)] Pref observer found at shutdown.
