[14888:16908:0321/155900.906:ERROR:install_util.cc(691)] Failed to read HKLM\SOFTWARE\Policies\Google\Chrome\MachineLevelUserCloudPolicyEnrollmentToken: The system cannot find the file specified. (0x2)
[14888:16908:0321/155900.906:ERROR:configuration_policy_handler_list.cc(91)] Unknown policy: PasswordManagerAllowShowPasswords
[14888:16908:0321/155901.246:ERROR:configuration_policy_handler_list.cc(91)] Unknown policy: PasswordManagerAllowShowPasswords
[14888:19392:0321/155901.310:WARNING:discovery_network_list_win.cc(195)] Failed to open Wlan client handle: 1062
[14888:16908:0321/155903.128:ERROR:gpu_process_transport_factory.cc(980)] Lost UI shared context.
[14888:16908:0321/155911.460:INFO:CONSOLE(78068)] "Angular is running in the development mode. Call enableProdMode() to enable the production mode.", source: http://localhost:4200/vendor.js (78068)
[14888:16908:0321/155911.614:INFO:CONSOLE(0)] "[DOM] Input elements should have autocomplete attributes (suggested: "current-password"): (More info: https://goo.gl/9p2vKq) %o", source: http://localhost:4200/login (0)
[14888:16908:0321/155912.261:INFO:CONSOLE(0)] "[DOM] Input elements should have autocomplete attributes (suggested: "current-password"): (More info: https://goo.gl/9p2vKq) %o", source: http://localhost:4200/register (0)
[14888:16908:0321/155912.878:INFO:CONSOLE(605)] "Register User data:", source: http://localhost:4200/main.js (605)
[14888:16908:0321/155912.882:INFO:CONSOLE(1339)] "In token interceptor", source: http://localhost:4200/main.js (1339)
[14888:16908:0321/155912.921:INFO:CONSOLE(607)] "User registered", source: http://localhost:4200/main.js (607)
[14888:16908:0321/155913.238:INFO:CONSOLE(0)] "[DOM] Input elements should have autocomplete attributes (suggested: "current-password"): (More info: https://goo.gl/9p2vKq) %o", source: http://localhost:4200/login (0)
[14888:16908:0321/155913.391:INFO:CONSOLE(528)] "Login user", source: http://localhost:4200/main.js (528)
[14888:16908:0321/155913.392:INFO:CONSOLE(1339)] "In token interceptor", source: http://localhost:4200/main.js (1339)
[14888:16908:0321/155913.411:INFO:CONSOLE(530)] "Login successful", source: http://localhost:4200/main.js (530)
[14888:16908:0321/155913.420:INFO:CONSOLE(264)] "token not expired", source: http://localhost:4200/main.js (264)
[14888:16908:0321/155913.463:INFO:CONSOLE(1339)] "In token interceptor", source: http://localhost:4200/main.js (1339)
[14888:16908:0321/155917.039:INFO:CONSOLE(264)] "token not expired", source: http://localhost:4200/main.js (264)
[14888:16908:0321/155917.520:INFO:CONSOLE(1131)] "search key", source: http://localhost:4200/main.js (1131)
[14888:16908:0321/155917.521:INFO:CONSOLE(1339)] "In token interceptor", source: http://localhost:4200/main.js (1339)
[14888:16908:0321/155922.034:INFO:CONSOLE(959)] "book titleGetting a Good Job", source: http://localhost:4200/main.js (959)
[14888:16908:0321/155922.035:INFO:CONSOLE(861)] "user", source: http://localhost:4200/main.js (861)
[14888:16908:0321/155922.037:INFO:CONSOLE(1339)] "In token interceptor", source: http://localhost:4200/main.js (1339)
